# JRE version: Java(TM) SE Runtime Environment (8.0_65-b17) (build 1.8.0_65-b17)
# Java VM: Java HotSpot(TM) 64-Bit Server VM (25.65-b01 mixed mode bsd-amd64 compressed oops)
Heap:
 PSYoungGen      total 98304K, used 26685K [0x000000076ab00000, 0x0000000771880000, 0x00000007c0000000)
  eden space 87552K, 18% used [0x000000076ab00000,0x000000076ba91918,0x0000000770080000)
  from space 10752K, 99% used [0x0000000770e00000,0x000000077187db60,0x0000000771880000)
  to   space 10752K, 0% used [0x0000000770380000,0x0000000770380000,0x0000000770e00000)
 ParOldGen       total 118272K, used 11922K [0x00000006c0000000, 0x00000006c7380000, 0x000000076ab00000)
  object space 118272K, 10% used [0x00000006c0000000,0x00000006c0ba4938,0x00000006c7380000)
 Metaspace       used 23835K, capacity 24072K, committed 24448K, reserved 1071104K
  class space    used 2537K, capacity 2642K, committed 2688K, reserved 1048576K
GC Heap History (10 events):
Event: 1.337 GC heap before
{Heap before GC invocations=1 (full 0):
 PSYoungGen      total 76288K, used 65536K [0x000000076ab00000, 0x0000000770000000, 0x00000007c0000000)
  eden space 65536K, 100% used [0x000000076ab00000,0x000000076eb00000,0x000000076eb00000)
  from space 10752K, 0% used [0x000000076f580000,0x000000076f580000,0x0000000770000000)
  to   space 10752K, 0% used [0x000000076eb00000,0x000000076eb00000,0x000000076f580000)
 ParOldGen       total 175104K, used 0K [0x00000006c0000000, 0x00000006cab00000, 0x000000076ab00000)
  object space 175104K, 0% used [0x00000006c0000000,0x00000006c0000000,0x00000006cab00000)
 Metaspace       used 20289K, capacity 20538K, committed 20864K, reserved 1067008K
  class space    used 2278K, capacity 2375K, committed 2432K, reserved 1048576K
Event: 1.344 GC heap after
Heap after GC invocations=1 (full 0):
 PSYoungGen      total 76288K, used 9904K [0x000000076ab00000, 0x0000000770000000, 0x00000007c0000000)
  eden space 65536K, 0% used [0x000000076ab00000,0x000000076ab00000,0x000000076eb00000)
  from space 10752K, 92% used [0x000000076eb00000,0x000000076f4ac050,0x000000076f580000)
  to   space 10752K, 0% used [0x000000076f580000,0x000000076f580000,0x0000000770000000)
 ParOldGen       total 175104K, used 80K [0x00000006c0000000, 0x00000006cab00000, 0x000000076ab00000)
  object space 175104K, 0% used [0x00000006c0000000,0x00000006c0014010,0x00000006cab00000)
 Metaspace       used 20289K, capacity 20538K, committed 20864K, reserved 1067008K
  class space    used 2278K, capacity 2375K, committed 2432K, reserved 1048576K
}
Event: 2.137 GC heap before
{Heap before GC invocations=2 (full 0):
 PSYoungGen      total 76288K, used 64393K [0x000000076ab00000, 0x0000000770000000, 0x00000007c0000000)
  eden space 65536K, 83% used [0x000000076ab00000,0x000000076e036418,0x000000076eb00000)
  from space 10752K, 92% used [0x000000076eb00000,0x000000076f4ac050,0x000000076f580000)
  to   space 10752K, 0% used [0x000000076f580000,0x000000076f580000,0x0000000770000000)
 ParOldGen       total 175104K, used 80K [0x00000006c0000000, 0x00000006cab00000, 0x000000076ab00000)
  object space 175104K, 0% used [0x00000006c0000000,0x00000006c0014010,0x00000006cab00000)
 Metaspace       used 20935K, capacity 21118K, committed 21296K, reserved 1069056K
  class space    used 2353K, capacity 2413K, committed 2432K, reserved 1048576K
Event: 2.143 GC heap after
Heap after GC invocations=2 (full 0):
 PSYoungGen      total 76288K, used 9828K [0x000000076ab00000, 0x0000000770000000, 0x00000007c0000000)
  eden space 65536K, 0% used [0x000000076ab00000,0x000000076ab00000,0x000000076eb00000)
  from space 10752K, 91% used [0x000000076f580000,0x000000076ff190e8,0x0000000770000000)
  to   space 10752K, 0% used [0x000000076eb00000,0x000000076eb00000,0x000000076f580000)
 ParOldGen       total 175104K, used 88K [0x00000006c0000000, 0x00000006cab00000, 0x000000076ab00000)
  object space 175104K, 0% used [0x00000006c0000000,0x00000006c0016010,0x00000006cab00000)
 Metaspace       used 20935K, capacity 21118K, committed 21296K, reserved 1069056K
  class space    used 2353K, capacity 2413K, committed 2432K, reserved 1048576K
}
Event: 2.143 GC heap before
{Heap before GC invocations=3 (full 1):
 PSYoungGen      total 76288K, used 9828K [0x000000076ab00000, 0x0000000770000000, 0x00000007c0000000)
  eden space 65536K, 0% used [0x000000076ab00000,0x000000076ab00000,0x000000076eb00000)
  from space 10752K, 91% used [0x000000076f580000,0x000000076ff190e8,0x0000000770000000)
  to   space 10752K, 0% used [0x000000076eb00000,0x000000076eb00000,0x000000076f580000)
 ParOldGen       total 175104K, used 88K [0x00000006c0000000, 0x00000006cab00000, 0x000000076ab00000)
  object space 175104K, 0% used [0x00000006c0000000,0x00000006c0016010,0x00000006cab00000)
 Metaspace       used 20935K, capacity 21118K, committed 21296K, reserved 1069056K
  class space    used 2353K, capacity 2413K, committed 2432K, reserved 1048576K
Event: 2.169 GC heap after
Heap after GC invocations=3 (full 1):
 PSYoungGen      total 76288K, used 0K [0x000000076ab00000, 0x0000000770000000, 0x00000007c0000000)
  eden space 65536K, 0% used [0x000000076ab00000,0x000000076ab00000,0x000000076eb00000)
  from space 10752K, 0% used [0x000000076f580000,0x000000076f580000,0x0000000770000000)
  to   space 10752K, 0% used [0x000000076eb00000,0x000000076eb00000,0x000000076f580000)
 ParOldGen       total 118272K, used 9671K [0x00000006c0000000, 0x00000006c7380000, 0x000000076ab00000)
  object space 118272K, 8% used [0x00000006c0000000,0x00000006c0971e48,0x00000006c7380000)
 Metaspace       used 20935K, capacity 21118K, committed 21296K, reserved 1069056K
  class space    used 2353K, capacity 2413K, committed 2432K, reserved 1048576K
}
Event: 2.338 GC heap before
{Heap before GC invocations=4 (full 1):
 PSYoungGen      total 76288K, used 65536K [0x000000076ab00000, 0x0000000770000000, 0x00000007c0000000)
  eden space 65536K, 100% used [0x000000076ab00000,0x000000076eb00000,0x000000076eb00000)
  from space 10752K, 0% used [0x000000076f580000,0x000000076f580000,0x0000000770000000)
  to   space 10752K, 0% used [0x000000076eb00000,0x000000076eb00000,0x000000076f580000)
 ParOldGen       total 118272K, used 9671K [0x00000006c0000000, 0x00000006c7380000, 0x000000076ab00000)
  object space 118272K, 8% used [0x00000006c0000000,0x00000006c0971e48,0x00000006c7380000)
 Metaspace       used 21343K, capacity 21564K, committed 21936K, reserved 1069056K
  class space    used 2372K, capacity 2448K, committed 2560K, reserved 1048576K
Event: 2.340 GC heap after
Heap after GC invocations=4 (full 1):
 PSYoungGen      total 76288K, used 5721K [0x000000076ab00000, 0x0000000771880000, 0x00000007c0000000)
  eden space 65536K, 0% used [0x000000076ab00000,0x000000076ab00000,0x000000076eb00000)
  from space 10752K, 53% used [0x000000076eb00000,0x000000076f0964a0,0x000000076f580000)
  to   space 10752K, 0% used [0x0000000770e00000,0x0000000770e00000,0x0000000771880000)
 ParOldGen       total 118272K, used 9679K [0x00000006c0000000, 0x00000006c7380000, 0x000000076ab00000)
  object space 118272K, 8% used [0x00000006c0000000,0x00000006c0973e48,0x00000006c7380000)
 Metaspace       used 21343K, capacity 21564K, committed 21936K, reserved 1069056K
  class space    used 2372K, capacity 2448K, committed 2560K, reserved 1048576K
}
Event: 6.283 GC heap before
{Heap before GC invocations=5 (full 1):
 PSYoungGen      total 76288K, used 71257K [0x000000076ab00000, 0x0000000771880000, 0x00000007c0000000)
  eden space 65536K, 100% used [0x000000076ab00000,0x000000076eb00000,0x000000076eb00000)
  from space 10752K, 53% used [0x000000076eb00000,0x000000076f0964a0,0x000000076f580000)
  to   space 10752K, 0% used [0x0000000770e00000,0x0000000770e00000,0x0000000771880000)
 ParOldGen       total 118272K, used 9679K [0x00000006c0000000, 0x00000006c7380000, 0x000000076ab00000)
  object space 118272K, 8% used [0x00000006c0000000,0x00000006c0973e48,0x00000006c7380000)
 Metaspace       used 23620K, capacity 23944K, committed 24192K, reserved 1071104K
  class space    used 2530K, capacity 2642K, committed 2688K, reserved 1048576K
Event: 6.293 GC heap after
Heap after GC invocations=5 (full 1):
 PSYoungGen      total 98304K, used 10742K [0x000000076ab00000, 0x0000000771880000, 0x00000007c0000000)
  eden space 87552K, 0% used [0x000000076ab00000,0x000000076ab00000,0x0000000770080000)
  from space 10752K, 99% used [0x0000000770e00000,0x000000077187db60,0x0000000771880000)
  to   space 10752K, 0% used [0x0000000770380000,0x0000000770380000,0x0000000770e00000)
 ParOldGen       total 118272K, used 11922K [0x00000006c0000000, 0x00000006c7380000, 0x000000076ab00000)
  object space 118272K, 10% used [0x00000006c0000000,0x00000006c0ba4938,0x00000006c7380000)
 Metaspace       used 23620K, capacity 23944K, committed 24192K, reserved 1071104K
  class space    used 2530K, capacity 2642K, committed 2688K, reserved 1048576K
}

