# JRE version: Java(TM) SE Runtime Environment (8.0_65-b17) (build 1.8.0_65-b17)
# Java VM: Java HotSpot(TM) 64-Bit Server VM (25.65-b01 mixed mode bsd-amd64 compressed oops)
Heap:
 PSYoungGen      total 101376K, used 77546K [0x000000076ab00000, 0x0000000771980000, 0x00000007c0000000)
  eden space 90624K, 73% used [0x000000076ab00000,0x000000076ec3de28,0x0000000770380000)
  from space 10752K, 99% used [0x0000000770f00000,0x000000077197ca40,0x0000000771980000)
  to   space 10752K, 0% used [0x0000000770480000,0x0000000770480000,0x0000000770f00000)
 ParOldGen       total 119808K, used 11628K [0x00000006c0000000, 0x00000006c7500000, 0x000000076ab00000)
  object space 119808K, 9% used [0x00000006c0000000,0x00000006c0b5b3e8,0x00000006c7500000)
 Metaspace       used 23924K, capacity 24168K, committed 24448K, reserved 1071104K
  class space    used 2573K, capacity 2674K, committed 2688K, reserved 1048576K
GC Heap History (10 events):
Event: 1.697 GC heap before
{Heap before GC invocations=1 (full 0):
 PSYoungGen      total 76288K, used 65536K [0x000000076ab00000, 0x0000000770000000, 0x00000007c0000000)
  eden space 65536K, 100% used [0x000000076ab00000,0x000000076eb00000,0x000000076eb00000)
  from space 10752K, 0% used [0x000000076f580000,0x000000076f580000,0x0000000770000000)
  to   space 10752K, 0% used [0x000000076eb00000,0x000000076eb00000,0x000000076f580000)
 ParOldGen       total 175104K, used 0K [0x00000006c0000000, 0x00000006cab00000, 0x000000076ab00000)
  object space 175104K, 0% used [0x00000006c0000000,0x00000006c0000000,0x00000006cab00000)
 Metaspace       used 20306K, capacity 20538K, committed 20864K, reserved 1067008K
  class space    used 2295K, capacity 2375K, committed 2432K, reserved 1048576K
Event: 1.704 GC heap after
Heap after GC invocations=1 (full 0):
 PSYoungGen      total 76288K, used 9810K [0x000000076ab00000, 0x0000000770000000, 0x00000007c0000000)
  eden space 65536K, 0% used [0x000000076ab00000,0x000000076ab00000,0x000000076eb00000)
  from space 10752K, 91% used [0x000000076eb00000,0x000000076f494828,0x000000076f580000)
  to   space 10752K, 0% used [0x000000076f580000,0x000000076f580000,0x0000000770000000)
 ParOldGen       total 175104K, used 80K [0x00000006c0000000, 0x00000006cab00000, 0x000000076ab00000)
  object space 175104K, 0% used [0x00000006c0000000,0x00000006c0014010,0x00000006cab00000)
 Metaspace       used 20306K, capacity 20538K, committed 20864K, reserved 1067008K
  class space    used 2295K, capacity 2375K, committed 2432K, reserved 1048576K
}
Event: 3.441 GC heap before
{Heap before GC invocations=2 (full 0):
 PSYoungGen      total 76288K, used 63862K [0x000000076ab00000, 0x0000000770000000, 0x00000007c0000000)
  eden space 65536K, 82% used [0x000000076ab00000,0x000000076dfc9210,0x000000076eb00000)
  from space 10752K, 91% used [0x000000076eb00000,0x000000076f494828,0x000000076f580000)
  to   space 10752K, 0% used [0x000000076f580000,0x000000076f580000,0x0000000770000000)
 ParOldGen       total 175104K, used 80K [0x00000006c0000000, 0x00000006cab00000, 0x000000076ab00000)
  object space 175104K, 0% used [0x00000006c0000000,0x00000006c0014010,0x00000006cab00000)
 Metaspace       used 20847K, capacity 21054K, committed 21296K, reserved 1069056K
  class space    used 2353K, capacity 2413K, committed 2432K, reserved 1048576K
Event: 3.447 GC heap after
Heap after GC invocations=2 (full 0):
 PSYoungGen      total 76288K, used 9588K [0x000000076ab00000, 0x0000000770000000, 0x00000007c0000000)
  eden space 65536K, 0% used [0x000000076ab00000,0x000000076ab00000,0x000000076eb00000)
  from space 10752K, 89% used [0x000000076f580000,0x000000076fedd0f8,0x0000000770000000)
  to   space 10752K, 0% used [0x000000076eb00000,0x000000076eb00000,0x000000076f580000)
 ParOldGen       total 175104K, used 88K [0x00000006c0000000, 0x00000006cab00000, 0x000000076ab00000)
  object space 175104K, 0% used [0x00000006c0000000,0x00000006c0016010,0x00000006cab00000)
 Metaspace       used 20847K, capacity 21054K, committed 21296K, reserved 1069056K
  class space    used 2353K, capacity 2413K, committed 2432K, reserved 1048576K
}
Event: 3.447 GC heap before
{Heap before GC invocations=3 (full 1):
 PSYoungGen      total 76288K, used 9588K [0x000000076ab00000, 0x0000000770000000, 0x00000007c0000000)
  eden space 65536K, 0% used [0x000000076ab00000,0x000000076ab00000,0x000000076eb00000)
  from space 10752K, 89% used [0x000000076f580000,0x000000076fedd0f8,0x0000000770000000)
  to   space 10752K, 0% used [0x000000076eb00000,0x000000076eb00000,0x000000076f580000)
 ParOldGen       total 175104K, used 88K [0x00000006c0000000, 0x00000006cab00000, 0x000000076ab00000)
  object space 175104K, 0% used [0x00000006c0000000,0x00000006c0016010,0x00000006cab00000)
 Metaspace       used 20847K, capacity 21054K, committed 21296K, reserved 1069056K
  class space    used 2353K, capacity 2413K, committed 2432K, reserved 1048576K
Event: 3.474 GC heap after
Heap after GC invocations=3 (full 1):
 PSYoungGen      total 76288K, used 0K [0x000000076ab00000, 0x0000000770000000, 0x00000007c0000000)
  eden space 65536K, 0% used [0x000000076ab00000,0x000000076ab00000,0x000000076eb00000)
  from space 10752K, 0% used [0x000000076f580000,0x000000076f580000,0x0000000770000000)
  to   space 10752K, 0% used [0x000000076eb00000,0x000000076eb00000,0x000000076f580000)
 ParOldGen       total 119808K, used 9454K [0x00000006c0000000, 0x00000006c7500000, 0x000000076ab00000)
  object space 119808K, 7% used [0x00000006c0000000,0x00000006c093b838,0x00000006c7500000)
 Metaspace       used 20847K, capacity 21054K, committed 21296K, reserved 1069056K
  class space    used 2353K, capacity 2413K, committed 2432K, reserved 1048576K
}
Event: 3.659 GC heap before
{Heap before GC invocations=4 (full 1):
 PSYoungGen      total 76288K, used 65536K [0x000000076ab00000, 0x0000000770000000, 0x00000007c0000000)
  eden space 65536K, 100% used [0x000000076ab00000,0x000000076eb00000,0x000000076eb00000)
  from space 10752K, 0% used [0x000000076f580000,0x000000076f580000,0x0000000770000000)
  to   space 10752K, 0% used [0x000000076eb00000,0x000000076eb00000,0x000000076f580000)
 ParOldGen       total 119808K, used 9454K [0x00000006c0000000, 0x00000006c7500000, 0x000000076ab00000)
  object space 119808K, 7% used [0x00000006c0000000,0x00000006c093b838,0x00000006c7500000)
 Metaspace       used 21376K, capacity 21660K, committed 21936K, reserved 1069056K
  class space    used 2393K, capacity 2480K, committed 2560K, reserved 1048576K
Event: 3.660 GC heap after
Heap after GC invocations=4 (full 1):
 PSYoungGen      total 76288K, used 5659K [0x000000076ab00000, 0x0000000771980000, 0x00000007c0000000)
  eden space 65536K, 0% used [0x000000076ab00000,0x000000076ab00000,0x000000076eb00000)
  from space 10752K, 52% used [0x000000076eb00000,0x000000076f086e40,0x000000076f580000)
  to   space 10752K, 0% used [0x0000000770f00000,0x0000000770f00000,0x0000000771980000)
 ParOldGen       total 119808K, used 9462K [0x00000006c0000000, 0x00000006c7500000, 0x000000076ab00000)
  object space 119808K, 7% used [0x00000006c0000000,0x00000006c093d838,0x00000006c7500000)
 Metaspace       used 21376K, capacity 21660K, committed 21936K, reserved 1069056K
  class space    used 2393K, capacity 2480K, committed 2560K, reserved 1048576K
}
Event: 5.964 GC heap before
{Heap before GC invocations=5 (full 1):
 PSYoungGen      total 76288K, used 71195K [0x000000076ab00000, 0x0000000771980000, 0x00000007c0000000)
  eden space 65536K, 100% used [0x000000076ab00000,0x000000076eb00000,0x000000076eb00000)
  from space 10752K, 52% used [0x000000076eb00000,0x000000076f086e40,0x000000076f580000)
  to   space 10752K, 0% used [0x0000000770f00000,0x0000000770f00000,0x0000000771980000)
 ParOldGen       total 119808K, used 9462K [0x00000006c0000000, 0x00000006c7500000, 0x000000076ab00000)
  object space 119808K, 7% used [0x00000006c0000000,0x00000006c093d838,0x00000006c7500000)
 Metaspace       used 23375K, capacity 23688K, committed 23936K, reserved 1071104K
  class space    used 2554K, capacity 2642K, committed 2688K, reserved 1048576K
Event: 5.972 GC heap after
Heap after GC invocations=5 (full 1):
 PSYoungGen      total 101376K, used 10738K [0x000000076ab00000, 0x0000000771980000, 0x00000007c0000000)
  eden space 90624K, 0% used [0x000000076ab00000,0x000000076ab00000,0x0000000770380000)
  from space 10752K, 99% used [0x0000000770f00000,0x000000077197ca40,0x0000000771980000)
  to   space 10752K, 0% used [0x0000000770480000,0x0000000770480000,0x0000000770f00000)
 ParOldGen       total 119808K, used 11628K [0x00000006c0000000, 0x00000006c7500000, 0x000000076ab00000)
  object space 119808K, 9% used [0x00000006c0000000,0x00000006c0b5b3e8,0x00000006c7500000)
 Metaspace       used 23375K, capacity 23688K, committed 23936K, reserved 1071104K
  class space    used 2554K, capacity 2642K, committed 2688K, reserved 1048576K
}

