# JRE version: Java(TM) SE Runtime Environment (8.0_65-b17) (build 1.8.0_65-b17)
# Java VM: Java HotSpot(TM) 64-Bit Server VM (25.65-b01 mixed mode bsd-amd64 compressed oops)
Heap:
 PSYoungGen      total 98816K, used 31617K [0x000000076ab00000, 0x0000000771900000, 0x00000007c0000000)
  eden space 88064K, 23% used [0x000000076ab00000,0x000000076bf62ff0,0x0000000770100000)
  from space 10752K, 99% used [0x0000000770e80000,0x00000007718fd730,0x0000000771900000)
  to   space 10752K, 0% used [0x0000000770400000,0x0000000770400000,0x0000000770e80000)
 ParOldGen       total 118272K, used 11832K [0x00000006c0000000, 0x00000006c7380000, 0x000000076ab00000)
  object space 118272K, 10% used [0x00000006c0000000,0x00000006c0b8e358,0x00000006c7380000)
 Metaspace       used 23829K, capacity 24072K, committed 24448K, reserved 1071104K
  class space    used 2547K, capacity 2642K, committed 2688K, reserved 1048576K
GC Heap History (10 events):
Event: 1.324 GC heap before
{Heap before GC invocations=1 (full 0):
 PSYoungGen      total 76288K, used 65536K [0x000000076ab00000, 0x0000000770000000, 0x00000007c0000000)
  eden space 65536K, 100% used [0x000000076ab00000,0x000000076eb00000,0x000000076eb00000)
  from space 10752K, 0% used [0x000000076f580000,0x000000076f580000,0x0000000770000000)
  to   space 10752K, 0% used [0x000000076eb00000,0x000000076eb00000,0x000000076f580000)
 ParOldGen       total 175104K, used 0K [0x00000006c0000000, 0x00000006cab00000, 0x000000076ab00000)
  object space 175104K, 0% used [0x00000006c0000000,0x00000006c0000000,0x00000006cab00000)
 Metaspace       used 20301K, capacity 20538K, committed 20864K, reserved 1067008K
  class space    used 2287K, capacity 2375K, committed 2432K, reserved 1048576K
Event: 1.332 GC heap after
Heap after GC invocations=1 (full 0):
 PSYoungGen      total 76288K, used 9775K [0x000000076ab00000, 0x0000000770000000, 0x00000007c0000000)
  eden space 65536K, 0% used [0x000000076ab00000,0x000000076ab00000,0x000000076eb00000)
  from space 10752K, 90% used [0x000000076eb00000,0x000000076f48bf88,0x000000076f580000)
  to   space 10752K, 0% used [0x000000076f580000,0x000000076f580000,0x0000000770000000)
 ParOldGen       total 175104K, used 80K [0x00000006c0000000, 0x00000006cab00000, 0x000000076ab00000)
  object space 175104K, 0% used [0x00000006c0000000,0x00000006c0014010,0x00000006cab00000)
 Metaspace       used 20301K, capacity 20538K, committed 20864K, reserved 1067008K
  class space    used 2287K, capacity 2375K, committed 2432K, reserved 1048576K
}
Event: 2.103 GC heap before
{Heap before GC invocations=2 (full 0):
 PSYoungGen      total 76288K, used 64284K [0x000000076ab00000, 0x0000000770000000, 0x00000007c0000000)
  eden space 65536K, 83% used [0x000000076ab00000,0x000000076e03b440,0x000000076eb00000)
  from space 10752K, 90% used [0x000000076eb00000,0x000000076f48bf88,0x000000076f580000)
  to   space 10752K, 0% used [0x000000076f580000,0x000000076f580000,0x0000000770000000)
 ParOldGen       total 175104K, used 80K [0x00000006c0000000, 0x00000006cab00000, 0x000000076ab00000)
  object space 175104K, 0% used [0x00000006c0000000,0x00000006c0014010,0x00000006cab00000)
 Metaspace       used 20909K, capacity 21118K, committed 21296K, reserved 1069056K
  class space    used 2358K, capacity 2413K, committed 2432K, reserved 1048576K
Event: 2.109 GC heap after
Heap after GC invocations=2 (full 0):
 PSYoungGen      total 76288K, used 9796K [0x000000076ab00000, 0x0000000770000000, 0x00000007c0000000)
  eden space 65536K, 0% used [0x000000076ab00000,0x000000076ab00000,0x000000076eb00000)
  from space 10752K, 91% used [0x000000076f580000,0x000000076ff110e8,0x0000000770000000)
  to   space 10752K, 0% used [0x000000076eb00000,0x000000076eb00000,0x000000076f580000)
 ParOldGen       total 175104K, used 88K [0x00000006c0000000, 0x00000006cab00000, 0x000000076ab00000)
  object space 175104K, 0% used [0x00000006c0000000,0x00000006c0016010,0x00000006cab00000)
 Metaspace       used 20909K, capacity 21118K, committed 21296K, reserved 1069056K
  class space    used 2358K, capacity 2413K, committed 2432K, reserved 1048576K
}
Event: 2.109 GC heap before
{Heap before GC invocations=3 (full 1):
 PSYoungGen      total 76288K, used 9796K [0x000000076ab00000, 0x0000000770000000, 0x00000007c0000000)
  eden space 65536K, 0% used [0x000000076ab00000,0x000000076ab00000,0x000000076eb00000)
  from space 10752K, 91% used [0x000000076f580000,0x000000076ff110e8,0x0000000770000000)
  to   space 10752K, 0% used [0x000000076eb00000,0x000000076eb00000,0x000000076f580000)
 ParOldGen       total 175104K, used 88K [0x00000006c0000000, 0x00000006cab00000, 0x000000076ab00000)
  object space 175104K, 0% used [0x00000006c0000000,0x00000006c0016010,0x00000006cab00000)
 Metaspace       used 20909K, capacity 21118K, committed 21296K, reserved 1069056K
  class space    used 2358K, capacity 2413K, committed 2432K, reserved 1048576K
Event: 2.134 GC heap after
Heap after GC invocations=3 (full 1):
 PSYoungGen      total 76288K, used 0K [0x000000076ab00000, 0x0000000770000000, 0x00000007c0000000)
  eden space 65536K, 0% used [0x000000076ab00000,0x000000076ab00000,0x000000076eb00000)
  from space 10752K, 0% used [0x000000076f580000,0x000000076f580000,0x0000000770000000)
  to   space 10752K, 0% used [0x000000076eb00000,0x000000076eb00000,0x000000076f580000)
 ParOldGen       total 118272K, used 9656K [0x00000006c0000000, 0x00000006c7380000, 0x000000076ab00000)
  object space 118272K, 8% used [0x00000006c0000000,0x00000006c096e118,0x00000006c7380000)
 Metaspace       used 20909K, capacity 21118K, committed 21296K, reserved 1069056K
  class space    used 2358K, capacity 2413K, committed 2432K, reserved 1048576K
}
Event: 2.303 GC heap before
{Heap before GC invocations=4 (full 1):
 PSYoungGen      total 76288K, used 65536K [0x000000076ab00000, 0x0000000770000000, 0x00000007c0000000)
  eden space 65536K, 100% used [0x000000076ab00000,0x000000076eb00000,0x000000076eb00000)
  from space 10752K, 0% used [0x000000076f580000,0x000000076f580000,0x0000000770000000)
  to   space 10752K, 0% used [0x000000076eb00000,0x000000076eb00000,0x000000076f580000)
 ParOldGen       total 118272K, used 9656K [0x00000006c0000000, 0x00000006c7380000, 0x000000076ab00000)
  object space 118272K, 8% used [0x00000006c0000000,0x00000006c096e118,0x00000006c7380000)
 Metaspace       used 21352K, capacity 21564K, committed 21936K, reserved 1069056K
  class space    used 2382K, capacity 2448K, committed 2560K, reserved 1048576K
Event: 2.305 GC heap after
Heap after GC invocations=4 (full 1):
 PSYoungGen      total 76288K, used 5723K [0x000000076ab00000, 0x0000000771900000, 0x00000007c0000000)
  eden space 65536K, 0% used [0x000000076ab00000,0x000000076ab00000,0x000000076eb00000)
  from space 10752K, 53% used [0x000000076eb00000,0x000000076f096e70,0x000000076f580000)
  to   space 10752K, 0% used [0x0000000770e80000,0x0000000770e80000,0x0000000771900000)
 ParOldGen       total 118272K, used 9664K [0x00000006c0000000, 0x00000006c7380000, 0x000000076ab00000)
  object space 118272K, 8% used [0x00000006c0000000,0x00000006c0970118,0x00000006c7380000)
 Metaspace       used 21352K, capacity 21564K, committed 21936K, reserved 1069056K
  class space    used 2382K, capacity 2448K, committed 2560K, reserved 1048576K
}
Event: 5.679 GC heap before
{Heap before GC invocations=5 (full 1):
 PSYoungGen      total 76288K, used 71259K [0x000000076ab00000, 0x0000000771900000, 0x00000007c0000000)
  eden space 65536K, 100% used [0x000000076ab00000,0x000000076eb00000,0x000000076eb00000)
  from space 10752K, 53% used [0x000000076eb00000,0x000000076f096e70,0x000000076f580000)
  to   space 10752K, 0% used [0x0000000770e80000,0x0000000770e80000,0x0000000771900000)
 ParOldGen       total 118272K, used 9664K [0x00000006c0000000, 0x00000006c7380000, 0x000000076ab00000)
  object space 118272K, 8% used [0x00000006c0000000,0x00000006c0970118,0x00000006c7380000)
 Metaspace       used 23558K, capacity 23816K, committed 24192K, reserved 1071104K
  class space    used 2536K, capacity 2642K, committed 2688K, reserved 1048576K
Event: 5.687 GC heap after
Heap after GC invocations=5 (full 1):
 PSYoungGen      total 98816K, used 10741K [0x000000076ab00000, 0x0000000771900000, 0x00000007c0000000)
  eden space 88064K, 0% used [0x000000076ab00000,0x000000076ab00000,0x0000000770100000)
  from space 10752K, 99% used [0x0000000770e80000,0x00000007718fd730,0x0000000771900000)
  to   space 10752K, 0% used [0x0000000770400000,0x0000000770400000,0x0000000770e80000)
 ParOldGen       total 118272K, used 11832K [0x00000006c0000000, 0x00000006c7380000, 0x000000076ab00000)
  object space 118272K, 10% used [0x00000006c0000000,0x00000006c0b8e358,0x00000006c7380000)
 Metaspace       used 23558K, capacity 23816K, committed 24192K, reserved 1071104K
  class space    used 2536K, capacity 2642K, committed 2688K, reserved 1048576K
}

